This is pdfTeX, Version 3.14159265-2.6-1.40.21 (MiKTeX 2.9.7400 64-bit) (preloaded format=pdflatex 2020.4.24)  29 SEP 2020 14:46
entering extended mode
**C:/Users/Miguel/Desktop/sockets/Ensayo_1/main.tex
(C:/Users/Miguel/Desktop/sockets/Ensayo_1/main.tex
LaTeX2e <2015/10/01> patch level 2
Babel <3.9m> and hyphenation patterns for 81 languages loaded.
("C:\Program Files\TeXstudio\Mitext\tex/latex/base\article.cls"
Document Class: article 2014/09/29 v1.4h Standard LaTeX document class
("C:\Program Files\TeXstudio\Mitext\tex/latex/base\size12.clo"
File: size12.clo 2014/09/29 v1.4h Standard LaTeX file (size option)
)
\c@part=\count79
\c@section=\count80
\c@subsection=\count81
\c@subsubsection=\count82
\c@paragraph=\count83
\c@subparagraph=\count84
\c@figure=\count85
\c@table=\count86
\abovecaptionskip=\skip41
\belowcaptionskip=\skip42
\bibindent=\dimen102
)
("C:\Program Files\TeXstudio\Mitext\tex/latex/graphics\graphicx.sty"
Package: graphicx 2014/10/28 v1.0g Enhanced LaTeX Graphics (DPC,SPQR)

("C:\Program Files\TeXstudio\Mitext\tex/latex/graphics\keyval.sty"
Package: keyval 2014/10/28 v1.15 key=value parser (DPC)
\KV@toks@=\toks14
)
("C:\Program Files\TeXstudio\Mitext\tex/latex/graphics\graphics.sty"
Package: graphics 2014/10/28 v1.0p Standard LaTeX Graphics (DPC,SPQR)

("C:\Program Files\TeXstudio\Mitext\tex/latex/graphics\trig.sty"
Package: trig 1999/03/16 v1.09 sin cos tan (DPC)
)
("C:\Program Files\TeXstudio\Mitext\tex/latex/00miktex\graphics.cfg"
File: graphics.cfg 2007/01/18 v1.5 graphics configuration of teTeX/TeXLive
)
Package graphics Info: Driver file: pdftex.def on input line 94.

("C:\Program Files\TeXstudio\Mitext\tex/latex/pdftex-def\pdftex.def"
File: pdftex.def 2011/05/27 v0.06d Graphics/color for pdfTeX

("C:\Program Files\TeXstudio\Mitext\tex/generic/oberdiek\infwarerr.sty"
Package: infwarerr 2010/04/08 v1.3 Providing info/warning/error messages (HO)
)
("C:\Program Files\TeXstudio\Mitext\tex/generic/oberdiek\ltxcmds.sty"
Package: ltxcmds 2011/11/09 v1.22 LaTeX kernel commands for general use (HO)
)
\Gread@gobject=\count87
))
\Gin@req@height=\dimen103
\Gin@req@width=\dimen104
)
No file main.aux.
\openout1 = `main.aux'.

LaTeX Font Info:    Checking defaults for OML/cmm/m/it on input line 3.
LaTeX Font Info:    ... okay on input line 3.
LaTeX Font Info:    Checking defaults for T1/cmr/m/n on input line 3.
LaTeX Font Info:    ... okay on input line 3.
LaTeX Font Info:    Checking defaults for OT1/cmr/m/n on input line 3.
LaTeX Font Info:    ... okay on input line 3.
LaTeX Font Info:    Checking defaults for OMS/cmsy/m/n on input line 3.
LaTeX Font Info:    ... okay on input line 3.
LaTeX Font Info:    Checking defaults for OMX/cmex/m/n on input line 3.
LaTeX Font Info:    ... okay on input line 3.
LaTeX Font Info:    Checking defaults for U/cmr/m/n on input line 3.
LaTeX Font Info:    ... okay on input line 3.
("C:\Program Files (x86)\texstudio\miktex\tex/context/base/mkii\supp-pdf.mkii"
[Loading MPS to PDF converter (version 2006.09.02).]
\scratchcounter=\count88
\scratchdimen=\dimen105
\scratchbox=\box26
\nofMPsegments=\count89
\nofMParguments=\count90
\everyMPshowfont=\toks15
\MPscratchCnt=\count91
\MPscratchDim=\dimen106
\MPnumerator=\count92
\makeMPintoPDFobject=\count93
\everyMPtoPDFconversion=\toks16
) <C:/Users/Miguel/Desktop/sockets/logo-inta.png, id=1, 2007.5pt x 2007.5pt>
File: C:/Users/Miguel/Desktop/sockets/logo-inta.png Graphic file (type png)

<use C:/Users/Miguel/Desktop/sockets/logo-inta.png>
Package pdftex.def Info: C:/Users/Miguel/Desktop/sockets/logo-inta.png used on 
input line 6.
(pdftex.def)             Requested size: 85.35826pt x 85.34059pt.

<C:/Users/Miguel/Desktop/sockets/Ensayo_1/Figure_1.png, id=3, 462.528pt x 346.8
96pt>
File: C:/Users/Miguel/Desktop/sockets/Ensayo_1/Figure_1.png Graphic file (type 
png)
 <use C:/Users/Miguel/Desktop/sockets/Ensayo_1/Figure_1.png>
Package pdftex.def Info: C:/Users/Miguel/Desktop/sockets/Ensayo_1/Figure_1.png 
used on input line 11.
(pdftex.def)             Requested size: 85.35826pt x 64.01595pt.
 [1

{C:/Users/Miguel/AppData/Local/MiKTeX/2.9/pdftex/config/pdftex.map} <C:/Users/M
iguel/Desktop/sockets/logo-inta.png> <C:/Users/Miguel/Desktop/sockets/Ensayo_1/
Figure_1.png>] (main.aux) ) 
Here is how much of TeX's memory you used:
 1116 strings out of 493286
 15129 string characters out of 3133680
 69038 words of memory out of 3000000
 4688 multiletter control sequences out of 15000+200000
 4544 words of font info for 17 fonts, out of 3000000 for 9000
 1141 hyphenation exceptions out of 8191
 27i,5n,19p,273b,217s stack positions out of 5000i,500n,10000p,200000b,50000s
<C:/Program Files/TeXstudio/Mitext/fonts/type1/publi
c/amsfonts/cm/cmbx12.pfb><C:/Program Files/TeXstudio/Mitext/fonts/type1/public/
amsfonts/cm/cmr12.pfb>
Output written on main.pdf (1 page, 196143 bytes).
PDF statistics:
 19 PDF objects out of 1000 (max. 8388607)
 0 named destinations out of 1000 (max. 500000)
 11 words of extra memory for PDF output out of 10000 (max. 10000000)

